This is pdfTeX, Version 3.14159265-2.6-1.40.16 (TeX Live 2015/Debian) (preloaded format=pdflatex 2018.4.29)  20 JUN 2018 18:14
entering extended mode
 restricted \write18 enabled.
 %&-line parsing enabled.
**paper.tex
(./paper.tex
LaTeX2e <2016/02/01>
Babel <3.9q> and hyphenation patterns for 81 language(s) loaded.
(/usr/share/texlive/texmf-dist/tex/latex/base/article.cls
Document Class: article 2014/09/29 v1.4h Standard LaTeX document class
(/usr/share/texlive/texmf-dist/tex/latex/base/size10.clo
File: size10.clo 2014/09/29 v1.4h Standard LaTeX file (size option)
)
\c@part=\count79
\c@section=\count80
\c@subsection=\count81
\c@subsubsection=\count82
\c@paragraph=\count83
\c@subparagraph=\count84
\c@figure=\count85
\c@table=\count86
\abovecaptionskip=\skip41
\belowcaptionskip=\skip42
\bibindent=\dimen102
)
(/usr/share/texlive/texmf-dist/tex/latex/graphics/color.sty
Package: color 2016/01/03 v1.1b Standard LaTeX Color (DPC)

(/usr/share/texlive/texmf-dist/tex/latex/latexconfig/color.cfg
File: color.cfg 2007/01/18 v1.5 color configuration of teTeX/TeXLive
)
Package color Info: Driver file: pdftex.def on input line 143.

(/usr/share/texlive/texmf-dist/tex/latex/pdftex-def/pdftex.def
File: pdftex.def 2011/05/27 v0.06d Graphics/color for pdfTeX

(/usr/share/texlive/texmf-dist/tex/generic/oberdiek/infwarerr.sty
Package: infwarerr 2010/04/08 v1.3 Providing info/warning/error messages (HO)
)
(/usr/share/texlive/texmf-dist/tex/generic/oberdiek/ltxcmds.sty
Package: ltxcmds 2011/11/09 v1.22 LaTeX kernel commands for general use (HO)
)
\Gread@gobject=\count87
))
(/usr/share/texlive/texmf-dist/tex/latex/caption/subcaption.sty
Package: subcaption 2016/02/20 v1.1-142 Sub-captions (AR)

(/usr/share/texlive/texmf-dist/tex/latex/caption/caption.sty
Package: caption 2016/02/21 v3.3-144 Customizing captions (AR)

(/usr/share/texlive/texmf-dist/tex/latex/caption/caption3.sty
Package: caption3 2016/02/04 v1.7-139 caption3 kernel (AR)
Package caption3 Info: TeX engine: e-TeX on input line 67.

(/usr/share/texlive/texmf-dist/tex/latex/graphics/keyval.sty
Package: keyval 2014/10/28 v1.15 key=value parser (DPC)
\KV@toks@=\toks14
)
\captionmargin=\dimen103
\captionmargin@=\dimen104
\captionwidth=\dimen105
\caption@tempdima=\dimen106
\caption@indent=\dimen107
\caption@parindent=\dimen108
\caption@hangindent=\dimen109
)
\c@ContinuedFloat=\count88
)
\c@subfigure=\count89
\c@subtable=\count90
)
(/usr/share/texlive/texmf-dist/tex/latex/graphics/graphicx.sty
Package: graphicx 2014/10/28 v1.0g Enhanced LaTeX Graphics (DPC,SPQR)

(/usr/share/texlive/texmf-dist/tex/latex/graphics/graphics.sty
Package: graphics 2016/01/03 v1.0q Standard LaTeX Graphics (DPC,SPQR)

(/usr/share/texlive/texmf-dist/tex/latex/graphics/trig.sty
Package: trig 2016/01/03 v1.10 sin cos tan (DPC)
)
(/usr/share/texlive/texmf-dist/tex/latex/latexconfig/graphics.cfg
File: graphics.cfg 2010/04/23 v1.9 graphics configuration of TeX Live
)
Package graphics Info: Driver file: pdftex.def on input line 95.
)
\Gin@req@height=\dimen110
\Gin@req@width=\dimen111
)
(/usr/share/texlive/texmf-dist/tex/latex/tools/multicol.sty
Package: multicol 2015/08/19 v1.8n multicolumn formatting (FMi)
\c@tracingmulticols=\count91
\mult@box=\box26
\multicol@leftmargin=\dimen112
\c@unbalance=\count92
\c@collectmore=\count93
\doublecol@number=\count94
\multicoltolerance=\count95
\multicolpretolerance=\count96
\full@width=\dimen113
\page@free=\dimen114
\premulticols=\dimen115
\postmulticols=\dimen116
\multicolsep=\skip43
\multicolbaselineskip=\skip44
\partial@page=\box27
\last@line=\box28
\maxbalancingoverflow=\dimen117
\mult@rightbox=\box29
\mult@grightbox=\box30
\mult@gfirstbox=\box31
\mult@firstbox=\box32
\@tempa=\box33
\@tempa=\box34
\@tempa=\box35
\@tempa=\box36
\@tempa=\box37
\@tempa=\box38
\@tempa=\box39
\@tempa=\box40
\@tempa=\box41
\@tempa=\box42
\@tempa=\box43
\@tempa=\box44
\@tempa=\box45
\@tempa=\box46
\@tempa=\box47
\@tempa=\box48
\@tempa=\box49
\c@columnbadness=\count97
\c@finalcolumnbadness=\count98
\last@try=\dimen118
\multicolovershoot=\dimen119
\multicolundershoot=\dimen120
\mult@nat@firstbox=\box50
\colbreak@box=\box51
\mc@col@check@num=\count99
)
(/usr/share/texlive/texmf-dist/tex/latex/geometry/geometry.sty
Package: geometry 2010/09/12 v5.6 Page Geometry

(/usr/share/texlive/texmf-dist/tex/generic/oberdiek/ifpdf.sty
Package: ifpdf 2011/01/30 v2.3 Provides the ifpdf switch (HO)
Package ifpdf Info: pdfTeX in PDF mode is detected.
)
(/usr/share/texlive/texmf-dist/tex/generic/oberdiek/ifvtex.sty
Package: ifvtex 2010/03/01 v1.5 Detect VTeX and its facilities (HO)
Package ifvtex Info: VTeX not detected.
)
(/usr/share/texlive/texmf-dist/tex/generic/ifxetex/ifxetex.sty
Package: ifxetex 2010/09/12 v0.6 Provides ifxetex conditional
)
\Gm@cnth=\count100
\Gm@cntv=\count101
\c@Gm@tempcnt=\count102
\Gm@bindingoffset=\dimen121
\Gm@wd@mp=\dimen122
\Gm@odd@mp=\dimen123
\Gm@even@mp=\dimen124
\Gm@layoutwidth=\dimen125
\Gm@layoutheight=\dimen126
\Gm@layouthoffset=\dimen127
\Gm@layoutvoffset=\dimen128
\Gm@dimlist=\toks15
) (./paper.aux)
\openout1 = `paper.aux'.

LaTeX Font Info:    Checking defaults for OML/cmm/m/it on input line 24.
LaTeX Font Info:    ... okay on input line 24.
LaTeX Font Info:    Checking defaults for T1/cmr/m/n on input line 24.
LaTeX Font Info:    ... okay on input line 24.
LaTeX Font Info:    Checking defaults for OT1/cmr/m/n on input line 24.
LaTeX Font Info:    ... okay on input line 24.
LaTeX Font Info:    Checking defaults for OMS/cmsy/m/n on input line 24.
LaTeX Font Info:    ... okay on input line 24.
LaTeX Font Info:    Checking defaults for OMX/cmex/m/n on input line 24.
LaTeX Font Info:    ... okay on input line 24.
LaTeX Font Info:    Checking defaults for U/cmr/m/n on input line 24.
LaTeX Font Info:    ... okay on input line 24.

(/usr/share/texlive/texmf-dist/tex/context/base/supp-pdf.mkii
[Loading MPS to PDF converter (version 2006.09.02).]
\scratchcounter=\count103
\scratchdimen=\dimen129
\scratchbox=\box52
\nofMPsegments=\count104
\nofMParguments=\count105
\everyMPshowfont=\toks16
\MPscratchCnt=\count106
\MPscratchDim=\dimen130
\MPnumerator=\count107
\makeMPintoPDFobject=\count108
\everyMPtoPDFconversion=\toks17
)
Package caption Info: Begin \AtBeginDocument code.
Package caption Info: End \AtBeginDocument code.
 (/usr/share/texlive/texmf-dist/tex/generic/oberdiek/pdftexcmds.sty
Package: pdftexcmds 2011/11/29 v0.20 Utility functions of pdfTeX for LuaTeX (HO
)

(/usr/share/texlive/texmf-dist/tex/generic/oberdiek/ifluatex.sty
Package: ifluatex 2010/03/01 v1.3 Provides the ifluatex switch (HO)
Package ifluatex Info: LuaTeX not detected.
)
Package pdftexcmds Info: LuaTeX not detected.
Package pdftexcmds Info: \pdf@primitive is available.
Package pdftexcmds Info: \pdf@ifprimitive is available.
Package pdftexcmds Info: \pdfdraftmode found.
)
(/usr/share/texlive/texmf-dist/tex/latex/oberdiek/epstopdf-base.sty
Package: epstopdf-base 2010/02/09 v2.5 Base part for package epstopdf

(/usr/share/texlive/texmf-dist/tex/latex/oberdiek/grfext.sty
Package: grfext 2010/08/19 v1.1 Manage graphics extensions (HO)

(/usr/share/texlive/texmf-dist/tex/generic/oberdiek/kvdefinekeys.sty
Package: kvdefinekeys 2011/04/07 v1.3 Define keys (HO)
))
(/usr/share/texlive/texmf-dist/tex/latex/oberdiek/kvoptions.sty
Package: kvoptions 2011/06/30 v3.11 Key value format for package options (HO)

(/usr/share/texlive/texmf-dist/tex/generic/oberdiek/kvsetkeys.sty
Package: kvsetkeys 2012/04/25 v1.16 Key value parser (HO)

(/usr/share/texlive/texmf-dist/tex/generic/oberdiek/etexcmds.sty
Package: etexcmds 2011/02/16 v1.5 Avoid name clashes with e-TeX commands (HO)
Package etexcmds Info: Could not find \expanded.
(etexcmds)             That can mean that you are not using pdfTeX 1.50 or
(etexcmds)             that some package has redefined \expanded.
(etexcmds)             In the latter case, load this package earlier.
)))
Package grfext Info: Graphics extension search list:
(grfext)             [.png,.pdf,.jpg,.mps,.jpeg,.jbig2,.jb2,.PNG,.PDF,.JPG,.JPE
G,.JBIG2,.JB2,.eps]
(grfext)             \AppendGraphicsExtensions on input line 452.

(/usr/share/texlive/texmf-dist/tex/latex/latexconfig/epstopdf-sys.cfg
File: epstopdf-sys.cfg 2010/07/13 v1.3 Configuration of (r)epstopdf for TeX Liv
e
))
*geometry* driver: auto-detecting
*geometry* detected driver: pdftex
*geometry* verbose mode - [ preamble ] result:
* driver: pdftex
* paper: a4paper
* layout: <same size as paper>
* layoutoffset:(h,v)=(0.0pt,0.0pt)
* modes: 
* h-part:(L,W,R)=(56.9055pt, 483.69684pt, 56.90553pt)
* v-part:(T,H,B)=(56.9055pt, 731.23582pt, 56.90552pt)
* \paperwidth=597.50787pt
* \paperheight=845.04684pt
* \textwidth=483.69684pt
* \textheight=731.23582pt
* \oddsidemargin=-15.36449pt
* \evensidemargin=-15.36449pt
* \topmargin=-52.36449pt
* \headheight=12.0pt
* \headsep=25.0pt
* \topskip=10.0pt
* \footskip=30.0pt
* \marginparwidth=65.0pt
* \marginparsep=11.0pt
* \columnsep=10.0pt
* \skip\footins=9.0pt plus 4.0pt minus 2.0pt
* \hoffset=0.0pt
* \voffset=0.0pt
* \mag=1000
* \@twocolumnfalse
* \@twosidefalse
* \@mparswitchfalse
* \@reversemarginfalse
* (1in=72.27pt=25.4mm, 1cm=28.453pt)

[1

{/var/lib/texmf/fonts/map/pdftex/updmap/pdftex.map}]

LaTeX Warning: Citation `bgpstream' on page 2 undefined on input line 154.


LaTeX Warning: Citation `traceroute' on page 2 undefined on input line 154.

[2]
LaTeX Font Info:    External font `cmex10' loaded for size
(Font)              <7> on input line 223.
LaTeX Font Info:    External font `cmex10' loaded for size
(Font)              <5> on input line 223.
 <./images/NodesNeeded.png, id=13, 462.528pt x 346.896pt>
File: ./images/NodesNeeded.png Graphic file (type png)

<use ./images/NodesNeeded.png>
Package pdftex.def Info: ./images/NodesNeeded.png used on input line 249.
(pdftex.def)             Requested size: 236.84842pt x 177.63977pt.

<./images/single_AU.png, id=15, 462.528pt x 346.896pt>
File: ./images/single_AU.png Graphic file (type png)

<use ./images/single_AU.png>
Package pdftex.def Info: ./images/single_AU.png used on input line 278.
(pdftex.def)             Requested size: 193.47577pt x 145.10777pt.

<./images/single_BR.png, id=16, 462.528pt x 346.896pt>
File: ./images/single_BR.png Graphic file (type png)

<use ./images/single_BR.png>
Package pdftex.def Info: ./images/single_BR.png used on input line 281.
(pdftex.def)             Requested size: 193.47577pt x 145.10777pt.

<./images/single_CN.png, id=17, 462.528pt x 346.896pt>
File: ./images/single_CN.png Graphic file (type png)

<use ./images/single_CN.png>
Package pdftex.def Info: ./images/single_CN.png used on input line 285.
(pdftex.def)             Requested size: 193.47577pt x 145.10777pt.

<./images/single_DE.png, id=18, 462.528pt x 346.896pt>
File: ./images/single_DE.png Graphic file (type png)

<use ./images/single_DE.png>
Package pdftex.def Info: ./images/single_DE.png used on input line 288.
(pdftex.def)             Requested size: 193.47577pt x 145.10777pt.

<./images/single_GB.png, id=19, 462.528pt x 346.896pt>
File: ./images/single_GB.png Graphic file (type png)

<use ./images/single_GB.png>
Package pdftex.def Info: ./images/single_GB.png used on input line 292.
(pdftex.def)             Requested size: 193.47577pt x 145.10777pt.

<./images/single_IR.png, id=20, 462.528pt x 346.896pt>
File: ./images/single_IR.png Graphic file (type png)

<use ./images/single_IR.png>
Package pdftex.def Info: ./images/single_IR.png used on input line 295.
(pdftex.def)             Requested size: 193.47577pt x 145.10777pt.

<./images/single_US.png, id=21, 462.528pt x 346.896pt>
File: ./images/single_US.png Graphic file (type png)

<use ./images/single_US.png>
Package pdftex.def Info: ./images/single_US.png used on input line 299.
(pdftex.def)             Requested size: 193.47577pt x 145.10777pt.
 [3 <./images/NodesNeeded.png>] [4 <./images/single_AU.png> <./images/single_BR
.png> <./images/single_CN.png> <./images/single_DE.png> <./images/single_GB.png
> <./images/single_IR.png> <./images/single_US.png>]

LaTeX Warning: Citation `FOTN' on page 5 undefined on input line 328.

<./images/fotn2012.png, id=42, 462.528pt x 346.896pt>
File: ./images/fotn2012.png Graphic file (type png)

<use ./images/fotn2012.png>
Package pdftex.def Info: ./images/fotn2012.png used on input line 345.
(pdftex.def)             Requested size: 193.47577pt x 145.10777pt.

<./images/fotn2015.png, id=43, 462.528pt x 346.896pt>
File: ./images/fotn2015.png Graphic file (type png)

<use ./images/fotn2015.png>
Package pdftex.def Info: ./images/fotn2015.png used on input line 348.
(pdftex.def)             Requested size: 193.47577pt x 145.10777pt.

<./images/fotn2016.png, id=44, 462.528pt x 346.896pt>
File: ./images/fotn2016.png Graphic file (type png)

<use ./images/fotn2016.png>
Package pdftex.def Info: ./images/fotn2016.png used on input line 352.
(pdftex.def)             Requested size: 193.47577pt x 145.10777pt.

<./images/fotn2017.png, id=45, 462.528pt x 346.896pt>
File: ./images/fotn2017.png Graphic file (type png)

<use ./images/fotn2017.png>
Package pdftex.def Info: ./images/fotn2017.png used on input line 355.
(pdftex.def)             Requested size: 193.47577pt x 145.10777pt.


LaTeX Warning: Citation `OONI' on page 5 undefined on input line 381.

<./images/all_09.png, id=46, 462.528pt x 346.896pt>
File: ./images/all_09.png Graphic file (type png)
 <use ./images/all_09.png>
Package pdftex.def Info: ./images/all_09.png used on input line 413.
(pdftex.def)             Requested size: 193.47577pt x 145.10777pt.

<./images/dns_09.png, id=47, 462.528pt x 346.896pt>
File: ./images/dns_09.png Graphic file (type png)
 <use ./images/dns_09.png>
Package pdftex.def Info: ./images/dns_09.png used on input line 416.
(pdftex.def)             Requested size: 193.47577pt x 145.10777pt.

<./images/http_diff_09.png, id=48, 462.528pt x 346.896pt>
File: ./images/http_diff_09.png Graphic file (type png)

<use ./images/http_diff_09.png>
Package pdftex.def Info: ./images/http_diff_09.png used on input line 420.
(pdftex.def)             Requested size: 193.47577pt x 145.10777pt.

<./images/http_fail_09.png, id=49, 462.528pt x 346.896pt>
File: ./images/http_fail_09.png Graphic file (type png)

<use ./images/http_fail_09.png>
Package pdftex.def Info: ./images/http_fail_09.png used on input line 423.
(pdftex.def)             Requested size: 193.47577pt x 145.10777pt.

<./images/tcp_09.png, id=50, 462.528pt x 346.896pt>
File: ./images/tcp_09.png Graphic file (type png)
 <use ./images/tcp_09.png>
Package pdftex.def Info: ./images/tcp_09.png used on input line 427.
(pdftex.def)             Requested size: 193.47577pt x 145.10777pt.

(./paper.bbl [5] [6 <./images/fotn2012.png> <./images/fotn2015.png> <./images/f
otn2016.png> <./images/fotn2017.png>] [7 <./images/all_09.png> <./images/dns_09
.png> <./images/http_diff_09.png> <./images/http_fail_09.png> <./images/tcp_09.
png>]) [8] (./paper.aux)

LaTeX Warning: There were undefined references.

 ) 
Here is how much of TeX's memory you used:
 3337 strings out of 493029
 52876 string characters out of 6136234
 141947 words of memory out of 5000000
 6842 multiletter control sequences out of 15000+600000
 5504 words of font info for 20 fonts, out of 8000000 for 9000
 1141 hyphenation exceptions out of 8191
 42i,8n,40p,270b,482s stack positions out of 5000i,500n,10000p,200000b,80000s
</usr/share/texlive/texmf-dist/fonts/type1/public/amsfonts/cm/cmbx10.pfb></us
r/share/texlive/texmf-dist/fonts/type1/public/amsfonts/cm/cmbx12.pfb></usr/shar
e/texlive/texmf-dist/fonts/type1/public/amsfonts/cm/cmex10.pfb></usr/share/texl
ive/texmf-dist/fonts/type1/public/amsfonts/cm/cmmi10.pfb></usr/share/texlive/te
xmf-dist/fonts/type1/public/amsfonts/cm/cmmi5.pfb></usr/share/texlive/texmf-dis
t/fonts/type1/public/amsfonts/cm/cmmi7.pfb></usr/share/texlive/texmf-dist/fonts
/type1/public/amsfonts/cm/cmr10.pfb></usr/share/texlive/texmf-dist/fonts/type1/
public/amsfonts/cm/cmsy10.pfb></usr/share/texlive/texmf-dist/fonts/type1/public
/amsfonts/cm/cmsy7.pfb></usr/share/texlive/texmf-dist/fonts/type1/public/amsfon
ts/cm/cmti10.pfb>
Output written on paper.pdf (8 pages, 846551 bytes).
PDF statistics:
 106 PDF objects out of 1000 (max. 8388607)
 51 compressed objects within 1 object stream
 0 named destinations out of 1000 (max. 500000)
 86 words of extra memory for PDF output out of 10000 (max. 10000000)

